<?xml version="1.0" encoding="UTF-8"?>
<testsuite xmlns:xsi="http://www.w3.org/2001/XMLSchema-instance" xsi:noNamespaceSchemaLocation="https://maven.apache.org/surefire/maven-surefire-plugin/xsd/surefire-test-report-3.0.xsd" version="3.0" name="couriers.CreateCourierTest" time="6.838" tests="7" errors="0" skipped="0" failures="0">
  <properties>
[...]
</properties>
  <testcase name="createSameCouriersImpossible" classname="couriers.CreateCourierTest" time="1.524"/>
  <testcase name="createCourierWithoutMandatoryFields(String, String)[1]" classname="couriers.CreateCourierTest" time="0.386"/>
  <testcase name="createCourierWithoutMandatoryFields(String, String)[2]" classname="couriers.CreateCourierTest" time="0.376"/>
  <testcase name="createCourierWithoutMandatoryFields(String, String)[3]" classname="couriers.CreateCourierTest" time="0.366"/>
  <testcase name="createCourierWithoutMandatoryFields(String, String)[4]" classname="couriers.CreateCourierTest" time="1.212"/>
  <testcase name="createCourierResponse201AndResponseCorrect" classname="couriers.CreateCourierTest" time="1.201"/>
  <testcase name="createCourierBusyLogin" classname="couriers.CreateCourierTest" time="1.733"/>
</testsuite>